0 silly argv {
0 silly argv   _: [ 'publish' ],
0 silly argv   composed: 'publish',
0 silly argv   lernaVersion: '8.1.9',
0 silly argv   '$0': 'node_modules\\lerna\\dist\\cli.js'
0 silly argv }
1 notice cli v8.1.9
2 verbose packageConfigs Explicit "packages" configuration found in lerna.json. Resolving packages using the configured glob(s): ["packages/*"]
3 verbose rootPath D:\codes\chensuiyi\yidocs
4 verbose session 56833fb5ccc2a6f6
5 verbose user-agent lerna/8.1.9/node@v22.13.0+x64 (win32)
6 info publish rooted leaf detected, skipping synthetic root lifecycles
7 silly argv { _: [ 'publish' ], composed: 'publish', lernaVersion: '8.1.9' }
8 verbose packageConfigs Explicit "packages" configuration found in lerna.json. Resolving packages using the configured glob(s): ["packages/*"]
9 verbose rootPath D:\codes\chensuiyi\yidocs
10 info current version 2.0.0
11 silly isAnythingCommitted
12 verbose isAnythingCommitted 1
13 silly getCurrentBranch
14 verbose currentBranch master
15 silly hasTags
16 verbose hasTags true
17 silly git-describe.sync "4dbc2d2" => {"refCount":"18","sha":"4dbc2d2","isDirty":false}
18 warn force-publish all packages
19 info Assuming all packages changed
20 verbose updated @yidocs/auto
21 verbose updated @yidocs/vip
22 verbose updated yidocs
23 warn version Skipping working tree validation, proceed at your own risk
24 info auto-confirmed
25 info execute Skipping git tag/commit
26 info execute Skipping git push
27 info execute Skipping releases
28 silly lifecycle No script for "preversion" in "@yidocs/auto", continuing
29 silly lifecycle No script for "preversion" in "@yidocs/vip", continuing
30 verbose version @yidocs/auto has no lockfile. Skipping lockfile update.
31 verbose version @yidocs/vip has no lockfile. Skipping lockfile update.
32 silly lifecycle No script for "version" in "@yidocs/auto", continuing
33 silly lifecycle No script for "preversion" in "yidocs", continuing
34 silly lifecycle No script for "version" in "@yidocs/vip", continuing
35 verbose version yidocs has no lockfile. Skipping lockfile update.
36 silly lifecycle No script for "version" in "yidocs", continuing
37 verbose version Updating root pnpm-lock.yaml
38 info publish Publishing packages to npm...
39 notice Skipping all user and access validation due to third-party registry
40 notice Make sure you're authenticated properly ¯\_(ツ)_/¯
41 silly getCurrentSHA
42 verbose getCurrentSHA 4dbc2d2c7023472d190a97e096250c7d855a6ed3
43 verbose pack-directory packages\auto
44 silly lifecycle No script for "prepublish" in "@yidocs/auto", continuing
45 verbose pack-directory packages\vip
46 silly lifecycle No script for "prepublish" in "@yidocs/vip", continuing
47 silly lifecycle No script for "prepare" in "@yidocs/auto", continuing
48 silly lifecycle No script for "prepare" in "@yidocs/vip", continuing
49 silly lifecycle No script for "prepublishOnly" in "@yidocs/auto", continuing
50 silly lifecycle No script for "prepublishOnly" in "@yidocs/vip", continuing
51 silly lifecycle No script for "prepack" in "@yidocs/auto", continuing
52 silly lifecycle No script for "prepack" in "@yidocs/vip", continuing
53 silly lifecycle No script for "postpack" in "@yidocs/auto", continuing
54 verbose packed packages\auto
55 silly lifecycle No script for "postpack" in "@yidocs/vip", continuing
56 verbose packed packages\vip
57 verbose pack-directory packages\yidocs
58 silly lifecycle No script for "prepublish" in "yidocs", continuing
59 silly lifecycle No script for "prepare" in "yidocs", continuing
60 silly lifecycle No script for "prepublishOnly" in "yidocs", continuing
61 silly lifecycle No script for "prepack" in "yidocs", continuing
62 silly lifecycle No script for "postpack" in "yidocs", continuing
63 verbose packed packages\yidocs
64 verbose publish @yidocs/auto
65 verbose publish @yidocs/vip
66 silly lifecycle No script for "publish" in "@yidocs/vip", continuing
67 silly lifecycle No script for "postpublish" in "@yidocs/vip", continuing
68 success published @yidocs/vip 2.1.0
69 notice
70 notice package: @yidocs/vip@2.1.0
71 notice === Tarball Contents ===
72 notice 11.6kB LICENSE
72 notice 1.6kB  index.js
72 notice 591B   package.json
72 notice 824B   readme.md
73 notice === Tarball Details ===
74 notice name:          @yidocs/vip
74 notice version:       2.1.0
74 notice filename:      yidocs-vip-2.1.0.tgz
74 notice package size:  5.7 kB
74 notice unpacked size: 14.5 kB
74 notice shasum:        b54018bfe6f72c5fd3623965fa50e136f9611709
74 notice integrity:     sha512-o3jWg1fe4DHbF[...]pdXC/zIm2DsoA==
74 notice total files:   4
75 notice
76 silly lifecycle No script for "publish" in "@yidocs/auto", continuing
77 silly lifecycle No script for "postpublish" in "@yidocs/auto", continuing
78 success published @yidocs/auto 2.1.0
79 notice
80 notice package: @yidocs/auto@2.1.0
81 notice === Tarball Contents ===
82 notice 11.6kB LICENSE
82 notice 9.7kB  index.js
82 notice 598B   package.json
82 notice 827B   readme.md
83 notice === Tarball Details ===
84 notice name:          @yidocs/auto
84 notice version:       2.1.0
84 notice filename:      yidocs-auto-2.1.0.tgz
84 notice package size:  7.0 kB
84 notice unpacked size: 22.7 kB
84 notice shasum:        bfa85623bc436222143c45b4de7c879e4df13e53
84 notice integrity:     sha512-Vt+EZvrqFpC42[...]70eKWbGtTYvBg==
84 notice total files:   4
85 notice
86 verbose publish yidocs
87 silly FetchError: request to https://registry.npmjs.org/yidocs failed, reason: read ECONNRESET
87 silly     at ClientRequest.<anonymous> (D:\codes\chensuiyi\yidocs\node_modules\.pnpm\minipass-fetch@3.0.5\node_modules\minipass-fetch\lib\index.js:130:14)
87 silly     at ClientRequest.emit (node:events:524:28)
87 silly     at emitErrorEvent (node:_http_client:104:11)
87 silly     at TLSSocket.socketErrorListener (node:_http_client:518:5)
87 silly     at TLSSocket.emit (node:events:524:28)
87 silly     at emitErrorNT (node:internal/streams/destroy:170:8)
87 silly     at emitErrorCloseNT (node:internal/streams/destroy:129:3)
87 silly     at process.processTicksAndRejections (node:internal/process/task_queues:90:21)
87 silly  FetchError: request to https://registry.npmjs.org/yidocs failed, reason: read ECONNRESET
87 silly     at ClientRequest.<anonymous> (D:\codes\chensuiyi\yidocs\node_modules\.pnpm\minipass-fetch@3.0.5\node_modules\minipass-fetch\lib\index.js:130:14)
87 silly     at ClientRequest.emit (node:events:524:28)
87 silly     at emitErrorEvent (node:_http_client:104:11)
87 silly     at TLSSocket.socketErrorListener (node:_http_client:518:5)
87 silly     at TLSSocket.emit (node:events:524:28)
87 silly     at emitErrorNT (node:internal/streams/destroy:170:8)
87 silly     at emitErrorCloseNT (node:internal/streams/destroy:129:3)
87 silly     at process.processTicksAndRejections (node:internal/process/task_queues:90:21) {
87 silly   code: 'ECONNRESET',
87 silly   errno: 'ECONNRESET',
87 silly   syscall: 'read',
87 silly   type: 'system'
87 silly }
88 warn notice Package failed to publish: yidocs
89 error ECONNRESET request to https://registry.npmjs.org/yidocs failed, reason: read ECONNRESET
90 error errno "ECONNRESET" is not a valid exit code - exiting with code 1
91 error FetchError: request to https://registry.npmjs.org/yidocs failed, reason: read ECONNRESET
91 error     at ClientRequest.<anonymous> (D:\codes\chensuiyi\yidocs\node_modules\.pnpm\minipass-fetch@3.0.5\node_modules\minipass-fetch\lib\index.js:130:14)
91 error     at ClientRequest.emit (node:events:524:28)
91 error     at emitErrorEvent (node:_http_client:104:11)
91 error     at TLSSocket.socketErrorListener (node:_http_client:518:5)
91 error     at TLSSocket.emit (node:events:524:28)
91 error     at emitErrorNT (node:internal/streams/destroy:170:8)
91 error     at emitErrorCloseNT (node:internal/streams/destroy:129:3)
